This is pdfTeX, Version 3.141592653-2.6-1.40.23 (MiKTeX 21.8) (preloaded format=pdflatex 2021.8.14)  19 OCT 2021 23:04
entering extended mode
**"e:/IITB/3rdSEM/CS 215/Assignment2/report/report.tex"
(e:/IITB/3rdSEM/CS 215/Assignment2/report/report.tex
LaTeX2e <2021-06-01> patch level 1
L3 programming layer <2021-07-12> (C:\Users\HI\AppData\Local\Programs\MiKTeX\tex/latex/base\article.cls
Document Class: article 2021/02/12 v1.4n Standard LaTeX document class
(C:\Users\HI\AppData\Local\Programs\MiKTeX\tex/latex/base\size10.clo
File: size10.clo 2021/02/12 v1.4n Standard LaTeX file (size option)
)
\c@part=\count182
\c@section=\count183
\c@subsection=\count184
\c@subsubsection=\count185
\c@paragraph=\count186
\c@subparagraph=\count187
\c@figure=\count188
\c@table=\count189
\abovecaptionskip=\skip47
\belowcaptionskip=\skip48
\bibindent=\dimen138
) (C:\Users\HI\AppData\Local\Programs\MiKTeX\tex/latex/geometry\geometry.sty
Package: geometry 2020/01/02 v5.9 Page Geometry
 (C:\Users\HI\AppData\Local\Programs\MiKTeX\tex/latex/graphics\keyval.sty
Package: keyval 2014/10/28 v1.15 key=value parser (DPC)
\KV@toks@=\toks16
) (C:\Users\HI\AppData\Local\Programs\MiKTeX\tex/generic/iftex\ifvtex.sty
Package: ifvtex 2019/10/25 v1.7 ifvtex legacy package. Use iftex instead.
 (C:\Users\HI\AppData\Local\Programs\MiKTeX\tex/generic/iftex\iftex.sty
Package: iftex 2020/03/06 v1.0d TeX engine tests
))
\Gm@cnth=\count190
\Gm@cntv=\count191
\c@Gm@tempcnt=\count192
\Gm@bindingoffset=\dimen139
\Gm@wd@mp=\dimen140
\Gm@odd@mp=\dimen141
\Gm@even@mp=\dimen142
\Gm@layoutwidth=\dimen143
\Gm@layoutheight=\dimen144
\Gm@layouthoffset=\dimen145
\Gm@layoutvoffset=\dimen146
\Gm@dimlist=\toks17
 (C:\Users\HI\AppData\Local\Programs\MiKTeX\tex/latex/geometry\geometry.cfg)) (C:\Users\HI\AppData\Local\Programs\MiKTeX\tex/latex/amsmath\amsmath.sty
Package: amsmath 2021/04/20 v2.17j AMS math features
\@mathmargin=\skip49

For additional information on amsmath, use the `?' option.
(C:\Users\HI\AppData\Local\Programs\MiKTeX\tex/latex/amsmath\amstext.sty
Package: amstext 2000/06/29 v2.01 AMS text
 (C:\Users\HI\AppData\Local\Programs\MiKTeX\tex/latex/amsmath\amsgen.sty
File: amsgen.sty 1999/11/30 v2.0 generic functions
\@emptytoks=\toks18
\ex@=\dimen147
)) (C:\Users\HI\AppData\Local\Programs\MiKTeX\tex/latex/amsmath\amsbsy.sty
Package: amsbsy 1999/11/29 v1.2d Bold Symbols
\pmbraise@=\dimen148
) (C:\Users\HI\AppData\Local\Programs\MiKTeX\tex/latex/amsmath\amsopn.sty
Package: amsopn 2016/03/08 v2.02 operator names
)
\inf@bad=\count193
LaTeX Info: Redefining \frac on input line 234.
\uproot@=\count194
\leftroot@=\count195
LaTeX Info: Redefining \overline on input line 399.
\classnum@=\count196
\DOTSCASE@=\count197
LaTeX Info: Redefining \ldots on input line 496.
LaTeX Info: Redefining \dots on input line 499.
LaTeX Info: Redefining \cdots on input line 620.
\Mathstrutbox@=\box50
\strutbox@=\box51
\big@size=\dimen149
LaTeX Font Info:    Redeclaring font encoding OML on input line 743.
LaTeX Font Info:    Redeclaring font encoding OMS on input line 744.
\macc@depth=\count198
\c@MaxMatrixCols=\count199
\dotsspace@=\muskip16
\c@parentequation=\count266
\dspbrk@lvl=\count267
\tag@help=\toks19
\row@=\count268
\column@=\count269
\maxfields@=\count270
\andhelp@=\toks20
\eqnshift@=\dimen150
\alignsep@=\dimen151
\tagshift@=\dimen152
\tagwidth@=\dimen153
\totwidth@=\dimen154
\lineht@=\dimen155
\@envbody=\toks21
\multlinegap=\skip50
\multlinetaggap=\skip51
\mathdisplay@stack=\toks22
LaTeX Info: Redefining \[ on input line 2923.
LaTeX Info: Redefining \] on input line 2924.
) (C:\Users\HI\AppData\Local\Programs\MiKTeX\tex/latex/graphics\graphicx.sty
Package: graphicx 2020/12/05 v1.2c Enhanced LaTeX Graphics (DPC,SPQR)
 (C:\Users\HI\AppData\Local\Programs\MiKTeX\tex/latex/graphics\graphics.sty
Package: graphics 2021/03/04 v1.4d Standard LaTeX Graphics (DPC,SPQR)
 (C:\Users\HI\AppData\Local\Programs\MiKTeX\tex/latex/graphics\trig.sty
Package: trig 2016/01/03 v1.10 sin cos tan (DPC)
) (C:\Users\HI\AppData\Local\Programs\MiKTeX\tex/latex/graphics-cfg\graphics.cfg
File: graphics.cfg 2016/06/04 v1.11 sample graphics configuration
)
Package graphics Info: Driver file: pdftex.def on input line 107.
 (C:\Users\HI\AppData\Local\Programs\MiKTeX\tex/latex/graphics-def\pdftex.def
File: pdftex.def 2020/10/05 v1.2a Graphics/color driver for pdftex
))
\Gin@req@height=\dimen156
\Gin@req@width=\dimen157
) (C:\Users\HI\AppData\Local\Programs\MiKTeX\tex/latex/l3backend\l3backend-pdftex.def
File: l3backend-pdftex.def 2021-08-04 L3 backend support: PDF output (pdfTeX)
\l__color_backend_stack_int=\count271
\l__pdf_internal_box=\box52
) (report.aux)
\openout1 = `report.aux'.

LaTeX Font Info:    Checking defaults for OML/cmm/m/it on input line 17.
LaTeX Font Info:    ... okay on input line 17.
LaTeX Font Info:    Checking defaults for OMS/cmsy/m/n on input line 17.
LaTeX Font Info:    ... okay on input line 17.
LaTeX Font Info:    Checking defaults for OT1/cmr/m/n on input line 17.
LaTeX Font Info:    ... okay on input line 17.
LaTeX Font Info:    Checking defaults for T1/cmr/m/n on input line 17.
LaTeX Font Info:    ... okay on input line 17.
LaTeX Font Info:    Checking defaults for TS1/cmr/m/n on input line 17.
LaTeX Font Info:    ... okay on input line 17.
LaTeX Font Info:    Checking defaults for OMX/cmex/m/n on input line 17.
LaTeX Font Info:    ... okay on input line 17.
LaTeX Font Info:    Checking defaults for U/cmr/m/n on input line 17.
LaTeX Font Info:    ... okay on input line 17.

*geometry* driver: auto-detecting
*geometry* detected driver: pdftex
*geometry* verbose mode - [ preamble ] result:
* driver: pdftex
* paper: a4paper
* layout: <same size as paper>
* layoutoffset:(h,v)=(0.0pt,0.0pt)
* modes: 
* h-part:(L,W,R)=(72.26999pt, 435.6108pt, 89.62709pt)
* v-part:(T,H,B)=(72.26999pt, 671.37021pt, 101.40665pt)
* \paperwidth=597.50787pt
* \paperheight=845.04684pt
* \textwidth=435.6108pt
* \textheight=671.37021pt
* \oddsidemargin=0.0pt
* \evensidemargin=0.0pt
* \topmargin=-37.0pt
* \headheight=12.0pt
* \headsep=25.0pt
* \topskip=10.0pt
* \footskip=30.0pt
* \marginparwidth=65.0pt
* \marginparsep=11.0pt
* \columnsep=10.0pt
* \skip\footins=9.0pt plus 4.0pt minus 2.0pt
* \hoffset=0.0pt
* \voffset=0.0pt
* \mag=1000
* \@twocolumnfalse
* \@twosidefalse
* \@mparswitchfalse
* \@reversemarginfalse
* (1in=72.27pt=25.4mm, 1cm=28.453pt)

(C:\Users\HI\AppData\Local\Programs\MiKTeX\tex/context/base/mkii\supp-pdf.mkii
[Loading MPS to PDF converter (version 2006.09.02).]
\scratchcounter=\count272
\scratchdimen=\dimen158
\scratchbox=\box53
\nofMPsegments=\count273
\nofMParguments=\count274
\everyMPshowfont=\toks23
\MPscratchCnt=\count275
\MPscratchDim=\dimen159
\MPnumerator=\count276
\makeMPintoPDFobject=\count277
\everyMPtoPDFconversion=\toks24
) (C:\Users\HI\AppData\Local\Programs\MiKTeX\tex/latex/epstopdf-pkg\epstopdf-base.sty
Package: epstopdf-base 2020-01-24 v2.11 Base part for package epstopdf
Package epstopdf-base Info: Redefining graphics rule for `.eps' on input line 485.
 (C:\Users\HI\AppData\Local\Programs\MiKTeX\tex/latex/00miktex\epstopdf-sys.cfg
File: epstopdf-sys.cfg 2021/03/18 v2.0 Configuration of epstopdf for MiKTeX
)) [1

{C:/Users/HI/AppData/Local/MiKTeX/pdftex/config/pdftex.map}]
<../results/q1/q1partA.png, id=8, 642.4pt x 475.7775pt>
File: ../results/q1/q1partA.png Graphic file (type png)
<use ../results/q1/q1partA.png>
Package pdftex.def Info: ../results/q1/q1partA.png  used on input line 41.
(pdftex.def)             Requested size: 385.44298pt x 285.46869pt.
<../results/q1/q1partC.png, id=10, 584.1825pt x 450.68375pt>
File: ../results/q1/q1partC.png Graphic file (type png)
<use ../results/q1/q1partC.png>
Package pdftex.def Info: ../results/q1/q1partC.png  used on input line 52.
(pdftex.def)             Requested size: 350.51219pt x 270.41232pt.

Underfull \hbox (badness 10000) in paragraph at lines 20--56

 []


Underfull \hbox (badness 10000) in paragraph at lines 20--56

 []


Underfull \hbox (badness 10000) in paragraph at lines 20--56

 []


Underfull \hbox (badness 10000) in paragraph at lines 20--56

 []


Underfull \hbox (badness 10000) in paragraph at lines 20--56

 []


Underfull \hbox (badness 10000) in paragraph at lines 20--56

 []

[2 <../results/q1/q1partA.png>]
Underfull \hbox (badness 10000) in paragraph at lines 57--73

 []


Underfull \hbox (badness 10000) in paragraph at lines 57--73

 []


Underfull \hbox (badness 10000) in paragraph at lines 57--73

 []


Underfull \hbox (badness 10000) in paragraph at lines 57--73

 []


Underfull \hbox (badness 10000) in paragraph at lines 74--77

 []


Underfull \hbox (badness 10000) in paragraph at lines 78--81

 []

<../results/q2/q2partB.png, id=16, 629.35126pt x 466.74374pt>
File: ../results/q2/q2partB.png Graphic file (type png)
<use ../results/q2/q2partB.png>
Package pdftex.def Info: ../results/q2/q2partB.png  used on input line 84.
(pdftex.def)             Requested size: 377.61366pt x 280.0484pt.
<../results/q2/q2partC.png, id=17, 607.26875pt x 448.67625pt>
File: ../results/q2/q2partC.png Graphic file (type png)
<use ../results/q2/q2partC.png>
Package pdftex.def Info: ../results/q2/q2partC.png  used on input line 87.
(pdftex.def)             Requested size: 364.36406pt x 269.20782pt.
[3 <../results/q1/q1partC.png>] [4 <../results/q2/q2partB.png> <../results/q2/q2partC.png>]
<../results/q3/q3partB.png, id=27, 604.2575pt x 457.71pt>
File: ../results/q3/q3partB.png Graphic file (type png)
<use ../results/q3/q3partB.png>
Package pdftex.def Info: ../results/q3/q3partB.png  used on input line 97.
(pdftex.def)             Requested size: 302.128pt x 228.85445pt.
<../results/q3/q3partC.png, id=28, 593.21625pt x 449.68pt>
File: ../results/q3/q3partC.png Graphic file (type png)
<use ../results/q3/q3partC.png>
Package pdftex.def Info: ../results/q3/q3partC.png  used on input line 111.
(pdftex.def)             Requested size: 355.9325pt x 269.81007pt.

Underfull \hbox (badness 10000) in paragraph at lines 92--116

 []


Underfull \hbox (badness 10000) in paragraph at lines 92--116

 []

[5 <../results/q3/q3partB.png>] [6 <../results/q3/q3partC.png>]
Underfull \hbox (badness 10000) in paragraph at lines 118--130

 []


Underfull \hbox (badness 10000) in paragraph at lines 118--130

 []


Underfull \hbox (badness 10000) in paragraph at lines 118--130

 []

<../results/q4/eigen_plots/0_eigen_value.png, id=37, 462.528pt x 346.896pt>
File: ../results/q4/eigen_plots/0_eigen_value.png Graphic file (type png)
<use ../results/q4/eigen_plots/0_eigen_value.png>
Package pdftex.def Info: ../results/q4/eigen_plots/0_eigen_value.png  used on input line 144.
(pdftex.def)             Requested size: 231.26343pt x 173.44757pt.
<../results/q4/eigen_plots/1_eigen_value.png, id=38, 462.528pt x 346.896pt>
File: ../results/q4/eigen_plots/1_eigen_value.png Graphic file (type png)
<use ../results/q4/eigen_plots/1_eigen_value.png>
Package pdftex.def Info: ../results/q4/eigen_plots/1_eigen_value.png  used on input line 145.
(pdftex.def)             Requested size: 231.26343pt x 173.44757pt.
<../results/q4/eigen_plots/2_eigen_value.png, id=39, 462.528pt x 346.896pt>
File: ../results/q4/eigen_plots/2_eigen_value.png Graphic file (type png)
<use ../results/q4/eigen_plots/2_eigen_value.png>
Package pdftex.def Info: ../results/q4/eigen_plots/2_eigen_value.png  used on input line 147.
(pdftex.def)             Requested size: 231.26343pt x 173.44757pt.
<../results/q4/eigen_plots/3_eigen_value.png, id=40, 462.528pt x 346.896pt>
File: ../results/q4/eigen_plots/3_eigen_value.png Graphic file (type png)
<use ../results/q4/eigen_plots/3_eigen_value.png>
Package pdftex.def Info: ../results/q4/eigen_plots/3_eigen_value.png  used on input line 148.
(pdftex.def)             Requested size: 231.26343pt x 173.44757pt.
<../results/q4/eigen_plots/4_eigen_value.png, id=41, 462.528pt x 346.896pt>
File: ../results/q4/eigen_plots/4_eigen_value.png Graphic file (type png)
<use ../results/q4/eigen_plots/4_eigen_value.png>
Package pdftex.def Info: ../results/q4/eigen_plots/4_eigen_value.png  used on input line 150.
(pdftex.def)             Requested size: 231.26343pt x 173.44757pt.
<../results/q4/eigen_plots/5_eigen_value.png, id=42, 462.528pt x 346.896pt>
File: ../results/q4/eigen_plots/5_eigen_value.png Graphic file (type png)
<use ../results/q4/eigen_plots/5_eigen_value.png>
Package pdftex.def Info: ../results/q4/eigen_plots/5_eigen_value.png  used on input line 151.
(pdftex.def)             Requested size: 231.26343pt x 173.44757pt.
<../results/q4/eigen_plots/6_eigen_value.png, id=43, 462.528pt x 346.896pt>
File: ../results/q4/eigen_plots/6_eigen_value.png Graphic file (type png)
<use ../results/q4/eigen_plots/6_eigen_value.png>
Package pdftex.def Info: ../results/q4/eigen_plots/6_eigen_value.png  used on input line 153.
(pdftex.def)             Requested size: 231.26343pt x 173.44757pt.
<../results/q4/eigen_plots/7_eigen_value.png, id=44, 462.528pt x 346.896pt>
File: ../results/q4/eigen_plots/7_eigen_value.png Graphic file (type png)
<use ../results/q4/eigen_plots/7_eigen_value.png>
Package pdftex.def Info: ../results/q4/eigen_plots/7_eigen_value.png  used on input line 154.
(pdftex.def)             Requested size: 231.26343pt x 173.44757pt.
<../results/q4/eigen_plots/8_eigen_value.png, id=45, 462.528pt x 346.896pt>
File: ../results/q4/eigen_plots/8_eigen_value.png Graphic file (type png)
<use ../results/q4/eigen_plots/8_eigen_value.png>
Package pdftex.def Info: ../results/q4/eigen_plots/8_eigen_value.png  used on input line 156.
(pdftex.def)             Requested size: 231.26343pt x 173.44757pt.
<../results/q4/eigen_plots/9_eigen_value.png, id=46, 462.528pt x 346.896pt>
File: ../results/q4/eigen_plots/9_eigen_value.png Graphic file (type png)
<use ../results/q4/eigen_plots/9_eigen_value.png>
Package pdftex.def Info: ../results/q4/eigen_plots/9_eigen_value.png  used on input line 157.
(pdftex.def)             Requested size: 231.26343pt x 173.44757pt.

Underfull \hbox (badness 10000) in paragraph at lines 131--170

 []


Underfull \hbox (badness 10000) in paragraph at lines 131--170

 []


Underfull \hbox (badness 10000) in paragraph at lines 131--170

 []


Underfull \hbox (badness 10000) in paragraph at lines 131--170

 []


Overfull \hbox (29.13828pt too wide) in paragraph at lines 131--170
[] [] 
 []


Overfull \hbox (29.13828pt too wide) in paragraph at lines 131--170
[] [] 
 []


Overfull \hbox (29.13828pt too wide) in paragraph at lines 131--170
[] [] 
 []


Overfull \hbox (29.13828pt too wide) in paragraph at lines 131--170
[] [] 
 []


Overfull \hbox (29.13828pt too wide) in paragraph at lines 131--170
[] [] 
 []


Underfull \hbox (badness 10000) in paragraph at lines 131--170

 []


Underfull \hbox (badness 10000) in paragraph at lines 131--170

 []


Underfull \hbox (badness 10000) in paragraph at lines 131--170

 []


Underfull \hbox (badness 10000) in paragraph at lines 131--170

 []


Underfull \hbox (badness 10000) in paragraph at lines 131--170

 []


Underfull \hbox (badness 10000) in paragraph at lines 131--170

 []


Underfull \hbox (badness 10000) in paragraph at lines 131--170

 []


Underfull \hbox (badness 10000) in paragraph at lines 131--170

 []

[7 <../results/q4/eigen_plots/0_eigen_value.png> <../results/q4/eigen_plots/1_eigen_value.png>] [8 <../results/q4/eigen_plots/2_eigen_value.png> <../results/q4/eigen_plots/3_eigen_value.png> <../results/q4/eigen_plots/4_eigen_value.png> <../results/q4/eigen_plots/5_eigen_value.png> <../results/q4/eigen_plots/6_eigen_value.png> <../results/q4/eigen_plots/7_eigen_value.png>]
<../results/q4/reduced_mean_images/q4_0_reduced_mean_img.png, id=63, 462.528pt x 346.896pt>
File: ../results/q4/reduced_mean_images/q4_0_reduced_mean_img.png Graphic file (type png)
<use ../results/q4/reduced_mean_images/q4_0_reduced_mean_img.png>
Package pdftex.def Info: ../results/q4/reduced_mean_images/q4_0_reduced_mean_img.png  used on input line 171.
(pdftex.def)             Requested size: 171.13268pt x 128.3495pt.
<../results/q4/mean_images/q4_0_mean_img.png, id=64, 462.528pt x 346.896pt>
File: ../results/q4/mean_images/q4_0_mean_img.png Graphic file (type png)
<use ../results/q4/mean_images/q4_0_mean_img.png>
Package pdftex.def Info: ../results/q4/mean_images/q4_0_mean_img.png  used on input line 172.
(pdftex.def)             Requested size: 171.13268pt x 128.3495pt.
<../results/q4/added_mean_images/q4_0_added_mean_img.png, id=65, 462.528pt x 346.896pt>
File: ../results/q4/added_mean_images/q4_0_added_mean_img.png Graphic file (type png)
<use ../results/q4/added_mean_images/q4_0_added_mean_img.png>
Package pdftex.def Info: ../results/q4/added_mean_images/q4_0_added_mean_img.png  used on input line 173.
(pdftex.def)             Requested size: 171.13268pt x 128.3495pt.
<../results/q4/reduced_mean_images/q4_1_reduced_mean_img.png, id=66, 462.528pt x 346.896pt>
File: ../results/q4/reduced_mean_images/q4_1_reduced_mean_img.png Graphic file (type png)
<use ../results/q4/reduced_mean_images/q4_1_reduced_mean_img.png>
Package pdftex.def Info: ../results/q4/reduced_mean_images/q4_1_reduced_mean_img.png  used on input line 175.
(pdftex.def)             Requested size: 171.13268pt x 128.3495pt.
<../results/q4/mean_images/q4_1_mean_img.png, id=67, 462.528pt x 346.896pt>
File: ../results/q4/mean_images/q4_1_mean_img.png Graphic file (type png)
<use ../results/q4/mean_images/q4_1_mean_img.png>
Package pdftex.def Info: ../results/q4/mean_images/q4_1_mean_img.png  used on input line 176.
(pdftex.def)             Requested size: 171.13268pt x 128.3495pt.
<../results/q4/added_mean_images/q4_1_added_mean_img.png, id=68, 462.528pt x 346.896pt>
File: ../results/q4/added_mean_images/q4_1_added_mean_img.png Graphic file (type png)
<use ../results/q4/added_mean_images/q4_1_added_mean_img.png>
Package pdftex.def Info: ../results/q4/added_mean_images/q4_1_added_mean_img.png  used on input line 177.
(pdftex.def)             Requested size: 171.13268pt x 128.3495pt.
<../results/q4/reduced_mean_images/q4_2_reduced_mean_img.png, id=69, 462.528pt x 346.896pt>
File: ../results/q4/reduced_mean_images/q4_2_reduced_mean_img.png Graphic file (type png)
<use ../results/q4/reduced_mean_images/q4_2_reduced_mean_img.png>
Package pdftex.def Info: ../results/q4/reduced_mean_images/q4_2_reduced_mean_img.png  used on input line 179.
(pdftex.def)             Requested size: 171.13268pt x 128.3495pt.
<../results/q4/mean_images/q4_2_mean_img.png, id=70, 462.528pt x 346.896pt>
File: ../results/q4/mean_images/q4_2_mean_img.png Graphic file (type png)
<use ../results/q4/mean_images/q4_2_mean_img.png>
Package pdftex.def Info: ../results/q4/mean_images/q4_2_mean_img.png  used on input line 180.
(pdftex.def)             Requested size: 171.13268pt x 128.3495pt.
<../results/q4/added_mean_images/q4_2_added_mean_img.png, id=71, 462.528pt x 346.896pt>
File: ../results/q4/added_mean_images/q4_2_added_mean_img.png Graphic file (type png)
<use ../results/q4/added_mean_images/q4_2_added_mean_img.png>
Package pdftex.def Info: ../results/q4/added_mean_images/q4_2_added_mean_img.png  used on input line 181.
(pdftex.def)             Requested size: 171.13268pt x 128.3495pt.
<../results/q4/reduced_mean_images/q4_3_reduced_mean_img.png, id=72, 462.528pt x 346.896pt>
File: ../results/q4/reduced_mean_images/q4_3_reduced_mean_img.png Graphic file (type png)
<use ../results/q4/reduced_mean_images/q4_3_reduced_mean_img.png>
Package pdftex.def Info: ../results/q4/reduced_mean_images/q4_3_reduced_mean_img.png  used on input line 183.
(pdftex.def)             Requested size: 171.13268pt x 128.3495pt.
<../results/q4/mean_images/q4_3_mean_img.png, id=73, 462.528pt x 346.896pt>
File: ../results/q4/mean_images/q4_3_mean_img.png Graphic file (type png)
<use ../results/q4/mean_images/q4_3_mean_img.png>
Package pdftex.def Info: ../results/q4/mean_images/q4_3_mean_img.png  used on input line 184.
(pdftex.def)             Requested size: 171.13268pt x 128.3495pt.
<../results/q4/added_mean_images/q4_3_added_mean_img.png, id=74, 462.528pt x 346.896pt>
File: ../results/q4/added_mean_images/q4_3_added_mean_img.png Graphic file (type png)
<use ../results/q4/added_mean_images/q4_3_added_mean_img.png>
Package pdftex.def Info: ../results/q4/added_mean_images/q4_3_added_mean_img.png  used on input line 185.
(pdftex.def)             Requested size: 171.13268pt x 128.3495pt.
<../results/q4/reduced_mean_images/q4_4_reduced_mean_img.png, id=75, 462.528pt x 346.896pt>
File: ../results/q4/reduced_mean_images/q4_4_reduced_mean_img.png Graphic file (type png)
<use ../results/q4/reduced_mean_images/q4_4_reduced_mean_img.png>
Package pdftex.def Info: ../results/q4/reduced_mean_images/q4_4_reduced_mean_img.png  used on input line 187.
(pdftex.def)             Requested size: 171.13268pt x 128.3495pt.
<../results/q4/mean_images/q4_4_mean_img.png, id=76, 462.528pt x 346.896pt>
File: ../results/q4/mean_images/q4_4_mean_img.png Graphic file (type png)
<use ../results/q4/mean_images/q4_4_mean_img.png>
Package pdftex.def Info: ../results/q4/mean_images/q4_4_mean_img.png  used on input line 188.
(pdftex.def)             Requested size: 171.13268pt x 128.3495pt.
<../results/q4/added_mean_images/q4_4_added_mean_img.png, id=77, 462.528pt x 346.896pt>
File: ../results/q4/added_mean_images/q4_4_added_mean_img.png Graphic file (type png)
<use ../results/q4/added_mean_images/q4_4_added_mean_img.png>
Package pdftex.def Info: ../results/q4/added_mean_images/q4_4_added_mean_img.png  used on input line 189.
(pdftex.def)             Requested size: 171.13268pt x 128.3495pt.
<../results/q4/reduced_mean_images/q4_5_reduced_mean_img.png, id=78, 462.528pt x 346.896pt>
File: ../results/q4/reduced_mean_images/q4_5_reduced_mean_img.png Graphic file (type png)
<use ../results/q4/reduced_mean_images/q4_5_reduced_mean_img.png>
Package pdftex.def Info: ../results/q4/reduced_mean_images/q4_5_reduced_mean_img.png  used on input line 191.
(pdftex.def)             Requested size: 171.13268pt x 128.3495pt.
<../results/q4/mean_images/q4_5_mean_img.png, id=79, 462.528pt x 346.896pt>
File: ../results/q4/mean_images/q4_5_mean_img.png Graphic file (type png)
<use ../results/q4/mean_images/q4_5_mean_img.png>
Package pdftex.def Info: ../results/q4/mean_images/q4_5_mean_img.png  used on input line 192.
(pdftex.def)             Requested size: 171.13268pt x 128.3495pt.
<../results/q4/added_mean_images/q4_5_added_mean_img.png, id=80, 462.528pt x 346.896pt>
File: ../results/q4/added_mean_images/q4_5_added_mean_img.png Graphic file (type png)
<use ../results/q4/added_mean_images/q4_5_added_mean_img.png>
Package pdftex.def Info: ../results/q4/added_mean_images/q4_5_added_mean_img.png  used on input line 193.
(pdftex.def)             Requested size: 171.13268pt x 128.3495pt.
<../results/q4/reduced_mean_images/q4_6_reduced_mean_img.png, id=81, 462.528pt x 346.896pt>
File: ../results/q4/reduced_mean_images/q4_6_reduced_mean_img.png Graphic file (type png)
<use ../results/q4/reduced_mean_images/q4_6_reduced_mean_img.png>
Package pdftex.def Info: ../results/q4/reduced_mean_images/q4_6_reduced_mean_img.png  used on input line 195.
(pdftex.def)             Requested size: 171.13268pt x 128.3495pt.
<../results/q4/mean_images/q4_6_mean_img.png, id=82, 462.528pt x 346.896pt>
File: ../results/q4/mean_images/q4_6_mean_img.png Graphic file (type png)
<use ../results/q4/mean_images/q4_6_mean_img.png>
Package pdftex.def Info: ../results/q4/mean_images/q4_6_mean_img.png  used on input line 196.
(pdftex.def)             Requested size: 171.13268pt x 128.3495pt.
<../results/q4/added_mean_images/q4_6_added_mean_img.png, id=83, 462.528pt x 346.896pt>
File: ../results/q4/added_mean_images/q4_6_added_mean_img.png Graphic file (type png)
<use ../results/q4/added_mean_images/q4_6_added_mean_img.png>
Package pdftex.def Info: ../results/q4/added_mean_images/q4_6_added_mean_img.png  used on input line 197.
(pdftex.def)             Requested size: 171.13268pt x 128.3495pt.
<../results/q4/reduced_mean_images/q4_7_reduced_mean_img.png, id=84, 462.528pt x 346.896pt>
File: ../results/q4/reduced_mean_images/q4_7_reduced_mean_img.png Graphic file (type png)
<use ../results/q4/reduced_mean_images/q4_7_reduced_mean_img.png>
Package pdftex.def Info: ../results/q4/reduced_mean_images/q4_7_reduced_mean_img.png  used on input line 199.
(pdftex.def)             Requested size: 171.13268pt x 128.3495pt.
<../results/q4/mean_images/q4_7_mean_img.png, id=85, 462.528pt x 346.896pt>
File: ../results/q4/mean_images/q4_7_mean_img.png Graphic file (type png)
<use ../results/q4/mean_images/q4_7_mean_img.png>
Package pdftex.def Info: ../results/q4/mean_images/q4_7_mean_img.png  used on input line 200.
(pdftex.def)             Requested size: 171.13268pt x 128.3495pt.
<../results/q4/added_mean_images/q4_7_added_mean_img.png, id=86, 462.528pt x 346.896pt>
File: ../results/q4/added_mean_images/q4_7_added_mean_img.png Graphic file (type png)
<use ../results/q4/added_mean_images/q4_7_added_mean_img.png>
Package pdftex.def Info: ../results/q4/added_mean_images/q4_7_added_mean_img.png  used on input line 201.
(pdftex.def)             Requested size: 171.13268pt x 128.3495pt.
<../results/q4/reduced_mean_images/q4_8_reduced_mean_img.png, id=87, 462.528pt x 346.896pt>
File: ../results/q4/reduced_mean_images/q4_8_reduced_mean_img.png Graphic file (type png)
<use ../results/q4/reduced_mean_images/q4_8_reduced_mean_img.png>
Package pdftex.def Info: ../results/q4/reduced_mean_images/q4_8_reduced_mean_img.png  used on input line 203.
(pdftex.def)             Requested size: 171.13268pt x 128.3495pt.
<../results/q4/mean_images/q4_8_mean_img.png, id=88, 462.528pt x 346.896pt>
File: ../results/q4/mean_images/q4_8_mean_img.png Graphic file (type png)
<use ../results/q4/mean_images/q4_8_mean_img.png>
Package pdftex.def Info: ../results/q4/mean_images/q4_8_mean_img.png  used on input line 204.
(pdftex.def)             Requested size: 171.13268pt x 128.3495pt.
<../results/q4/added_mean_images/q4_8_added_mean_img.png, id=89, 462.528pt x 346.896pt>
File: ../results/q4/added_mean_images/q4_8_added_mean_img.png Graphic file (type png)
<use ../results/q4/added_mean_images/q4_8_added_mean_img.png>
Package pdftex.def Info: ../results/q4/added_mean_images/q4_8_added_mean_img.png  used on input line 205.
(pdftex.def)             Requested size: 171.13268pt x 128.3495pt.
<../results/q4/reduced_mean_images/q4_9_reduced_mean_img.png, id=90, 462.528pt x 346.896pt>
File: ../results/q4/reduced_mean_images/q4_9_reduced_mean_img.png Graphic file (type png)
<use ../results/q4/reduced_mean_images/q4_9_reduced_mean_img.png>
Package pdftex.def Info: ../results/q4/reduced_mean_images/q4_9_reduced_mean_img.png  used on input line 207.
(pdftex.def)             Requested size: 171.13268pt x 128.3495pt.
<../results/q4/mean_images/q4_9_mean_img.png, id=91, 462.528pt x 346.896pt>
File: ../results/q4/mean_images/q4_9_mean_img.png Graphic file (type png)
<use ../results/q4/mean_images/q4_9_mean_img.png>
Package pdftex.def Info: ../results/q4/mean_images/q4_9_mean_img.png  used on input line 208.
(pdftex.def)             Requested size: 171.13268pt x 128.3495pt.
<../results/q4/added_mean_images/q4_9_added_mean_img.png, id=92, 462.528pt x 346.896pt>
File: ../results/q4/added_mean_images/q4_9_added_mean_img.png Graphic file (type png)
<use ../results/q4/added_mean_images/q4_9_added_mean_img.png>
Package pdftex.def Info: ../results/q4/added_mean_images/q4_9_added_mean_img.png  used on input line 209.
(pdftex.def)             Requested size: 171.13268pt x 128.3495pt.

Overfull \hbox (97.23166pt too wide) in paragraph at lines 171--210
[][] [] [] 
 []


Overfull \hbox (82.23166pt too wide) in paragraph at lines 171--210
[] [] [] 
 []


Overfull \hbox (82.23166pt too wide) in paragraph at lines 171--210
[] [] [] 
 []


Overfull \hbox (82.23166pt too wide) in paragraph at lines 171--210
[] [] [] 
 []


Overfull \hbox (82.23166pt too wide) in paragraph at lines 171--210
[] [] [] 
 []


Overfull \hbox (82.23166pt too wide) in paragraph at lines 171--210
[] [] [] 
 []


Overfull \hbox (82.23166pt too wide) in paragraph at lines 171--210
[] [] [] 
 []


Overfull \hbox (82.23166pt too wide) in paragraph at lines 171--210
[] [] [] 
 []


Overfull \hbox (82.23166pt too wide) in paragraph at lines 171--210
[] [] [] 
 []


Overfull \hbox (82.23166pt too wide) in paragraph at lines 171--210
[] [] [] 
 []

[9 <../results/q4/eigen_plots/8_eigen_value.png> <../results/q4/eigen_plots/9_eigen_value.png> <../results/q4/reduced_mean_images/q4_0_reduced_mean_img.png> <../results/q4/mean_images/q4_0_mean_img.png> <../results/q4/added_mean_images/q4_0_added_mean_img.png> <../results/q4/reduced_mean_images/q4_1_reduced_mean_img.png> <../results/q4/mean_images/q4_1_mean_img.png> <../results/q4/added_mean_images/q4_1_added_mean_img.png>] [10 <../results/q4/reduced_mean_images/q4_2_reduced_mean_img.png> <../results/q4/mean_images/q4_2_mean_img.png> <../results/q4/added_mean_images/q4_2_added_mean_img.png> <../results/q4/reduced_mean_images/q4_3_reduced_mean_img.png> <../results/q4/mean_images/q4_3_mean_img.png> <../results/q4/added_mean_images/q4_3_added_mean_img.png> <../results/q4/reduced_mean_images/q4_4_reduced_mean_img.png> <../results/q4/mean_images/q4_4_mean_img.png> <../results/q4/added_mean_images/q4_4_added_mean_img.png> <../results/q4/reduced_mean_images/q4_5_reduced_mean_img.png> <../results/q4/mean_images/q4_5_mean_img.png> <../results/q4/added_mean_images/q4_5_added_mean_img.png> <../results/q4/reduced_mean_images/q4_6_reduced_mean_img.png> <../results/q4/mean_images/q4_6_mean_img.png> <../results/q4/added_mean_images/q4_6_added_mean_img.png>]
Underfull \hbox (badness 10000) in paragraph at lines 212--224

 []


Underfull \hbox (badness 10000) in paragraph at lines 212--224

 []


Underfull \hbox (badness 10000) in paragraph at lines 212--224

 []


Underfull \hbox (badness 10000) in paragraph at lines 212--224

 []


Underfull \hbox (badness 10000) in paragraph at lines 212--224

 []

[11 <../results/q4/reduced_mean_images/q4_7_reduced_mean_img.png> <../results/q4/mean_images/q4_7_mean_img.png> <../results/q4/added_mean_images/q4_7_added_mean_img.png> <../results/q4/reduced_mean_images/q4_8_reduced_mean_img.png> <../results/q4/mean_images/q4_8_mean_img.png> <../results/q4/added_mean_images/q4_8_added_mean_img.png> <../results/q4/reduced_mean_images/q4_9_reduced_mean_img.png> <../results/q4/mean_images/q4_9_mean_img.png> <../results/q4/added_mean_images/q4_9_added_mean_img.png>]
<../results/q5/original/q5_0_original.png, id=134, 462.528pt x 346.896pt>
File: ../results/q5/original/q5_0_original.png Graphic file (type png)
<use ../results/q5/original/q5_0_original.png>
Package pdftex.def Info: ../results/q5/original/q5_0_original.png  used on input line 226.
(pdftex.def)             Requested size: 277.51894pt x 208.13919pt.
<../results/q5/reconstrcuted/q5_0_reconstructed.png, id=135, 462.528pt x 346.896pt>
File: ../results/q5/reconstrcuted/q5_0_reconstructed.png Graphic file (type png)
<use ../results/q5/reconstrcuted/q5_0_reconstructed.png>
Package pdftex.def Info: ../results/q5/reconstrcuted/q5_0_reconstructed.png  used on input line 227.
(pdftex.def)             Requested size: 277.51894pt x 208.13919pt.
<../results/q5/original/q5_1_original.png, id=136, 462.528pt x 346.896pt>
File: ../results/q5/original/q5_1_original.png Graphic file (type png)
<use ../results/q5/original/q5_1_original.png>
Package pdftex.def Info: ../results/q5/original/q5_1_original.png  used on input line 229.
(pdftex.def)             Requested size: 277.51894pt x 208.13919pt.
<../results/q5/reconstrcuted/q5_1_reconstructed.png, id=137, 462.528pt x 346.896pt>
File: ../results/q5/reconstrcuted/q5_1_reconstructed.png Graphic file (type png)
<use ../results/q5/reconstrcuted/q5_1_reconstructed.png>
Package pdftex.def Info: ../results/q5/reconstrcuted/q5_1_reconstructed.png  used on input line 230.
(pdftex.def)             Requested size: 277.51894pt x 208.13919pt.
<../results/q5/original/q5_2_original.png, id=138, 462.528pt x 346.896pt>
File: ../results/q5/original/q5_2_original.png Graphic file (type png)
<use ../results/q5/original/q5_2_original.png>
Package pdftex.def Info: ../results/q5/original/q5_2_original.png  used on input line 232.
(pdftex.def)             Requested size: 277.51894pt x 208.13919pt.
<../results/q5/reconstrcuted/q5_2_reconstructed.png, id=139, 462.528pt x 346.896pt>
File: ../results/q5/reconstrcuted/q5_2_reconstructed.png Graphic file (type png)
<use ../results/q5/reconstrcuted/q5_2_reconstructed.png>
Package pdftex.def Info: ../results/q5/reconstrcuted/q5_2_reconstructed.png  used on input line 233.
(pdftex.def)             Requested size: 277.51894pt x 208.13919pt.
<../results/q5/original/q5_3_original.png, id=140, 462.528pt x 346.896pt>
File: ../results/q5/original/q5_3_original.png Graphic file (type png)
<use ../results/q5/original/q5_3_original.png>
Package pdftex.def Info: ../results/q5/original/q5_3_original.png  used on input line 235.
(pdftex.def)             Requested size: 277.51894pt x 208.13919pt.
<../results/q5/reconstrcuted/q5_3_reconstructed.png, id=141, 462.528pt x 346.896pt>
File: ../results/q5/reconstrcuted/q5_3_reconstructed.png Graphic file (type png)
<use ../results/q5/reconstrcuted/q5_3_reconstructed.png>
Package pdftex.def Info: ../results/q5/reconstrcuted/q5_3_reconstructed.png  used on input line 236.
(pdftex.def)             Requested size: 277.51894pt x 208.13919pt.
<../results/q5/original/q5_4_original.png, id=142, 462.528pt x 346.896pt>
File: ../results/q5/original/q5_4_original.png Graphic file (type png)
<use ../results/q5/original/q5_4_original.png>
Package pdftex.def Info: ../results/q5/original/q5_4_original.png  used on input line 238.
(pdftex.def)             Requested size: 277.51894pt x 208.13919pt.
<../results/q5/reconstrcuted/q5_4_reconstructed.png, id=143, 462.528pt x 346.896pt>
File: ../results/q5/reconstrcuted/q5_4_reconstructed.png Graphic file (type png)
<use ../results/q5/reconstrcuted/q5_4_reconstructed.png>
Package pdftex.def Info: ../results/q5/reconstrcuted/q5_4_reconstructed.png  used on input line 239.
(pdftex.def)             Requested size: 277.51894pt x 208.13919pt.
<../results/q5/original/q5_5_original.png, id=144, 462.528pt x 346.896pt>
File: ../results/q5/original/q5_5_original.png Graphic file (type png)
<use ../results/q5/original/q5_5_original.png>
Package pdftex.def Info: ../results/q5/original/q5_5_original.png  used on input line 241.
(pdftex.def)             Requested size: 277.51894pt x 208.13919pt.
<../results/q5/reconstrcuted/q5_5_reconstructed.png, id=145, 462.528pt x 346.896pt>
File: ../results/q5/reconstrcuted/q5_5_reconstructed.png Graphic file (type png)
<use ../results/q5/reconstrcuted/q5_5_reconstructed.png>
Package pdftex.def Info: ../results/q5/reconstrcuted/q5_5_reconstructed.png  used on input line 242.
(pdftex.def)             Requested size: 277.51894pt x 208.13919pt.
<../results/q5/original/q5_6_original.png, id=146, 462.528pt x 346.896pt>
File: ../results/q5/original/q5_6_original.png Graphic file (type png)
<use ../results/q5/original/q5_6_original.png>
Package pdftex.def Info: ../results/q5/original/q5_6_original.png  used on input line 244.
(pdftex.def)             Requested size: 277.51894pt x 208.13919pt.
<../results/q5/reconstrcuted/q5_6_reconstructed.png, id=147, 462.528pt x 346.896pt>
File: ../results/q5/reconstrcuted/q5_6_reconstructed.png Graphic file (type png)
<use ../results/q5/reconstrcuted/q5_6_reconstructed.png>
Package pdftex.def Info: ../results/q5/reconstrcuted/q5_6_reconstructed.png  used on input line 245.
(pdftex.def)             Requested size: 277.51894pt x 208.13919pt.
<../results/q5/original/q5_7_original.png, id=148, 462.528pt x 346.896pt>
File: ../results/q5/original/q5_7_original.png Graphic file (type png)
<use ../results/q5/original/q5_7_original.png>
Package pdftex.def Info: ../results/q5/original/q5_7_original.png  used on input line 247.
(pdftex.def)             Requested size: 277.51894pt x 208.13919pt.
<../results/q5/reconstrcuted/q5_7_reconstructed.png, id=149, 462.528pt x 346.896pt>
File: ../results/q5/reconstrcuted/q5_7_reconstructed.png Graphic file (type png)
<use ../results/q5/reconstrcuted/q5_7_reconstructed.png>
Package pdftex.def Info: ../results/q5/reconstrcuted/q5_7_reconstructed.png  used on input line 248.
(pdftex.def)             Requested size: 277.51894pt x 208.13919pt.
<../results/q5/original/q5_8_original.png, id=150, 462.528pt x 346.896pt>
File: ../results/q5/original/q5_8_original.png Graphic file (type png)
<use ../results/q5/original/q5_8_original.png>
Package pdftex.def Info: ../results/q5/original/q5_8_original.png  used on input line 250.
(pdftex.def)             Requested size: 277.51894pt x 208.13919pt.
<../results/q5/reconstrcuted/q5_8_reconstructed.png, id=151, 462.528pt x 346.896pt>
File: ../results/q5/reconstrcuted/q5_8_reconstructed.png Graphic file (type png)
<use ../results/q5/reconstrcuted/q5_8_reconstructed.png>
Package pdftex.def Info: ../results/q5/reconstrcuted/q5_8_reconstructed.png  used on input line 251.
(pdftex.def)             Requested size: 277.51894pt x 208.13919pt.
<../results/q5/original/q5_9_original.png, id=152, 462.528pt x 346.896pt>
File: ../results/q5/original/q5_9_original.png Graphic file (type png)
<use ../results/q5/original/q5_9_original.png>
Package pdftex.def Info: ../results/q5/original/q5_9_original.png  used on input line 253.
(pdftex.def)             Requested size: 277.51894pt x 208.13919pt.
<../results/q5/reconstrcuted/q5_9_reconstructed.png, id=153, 462.528pt x 346.896pt>
File: ../results/q5/reconstrcuted/q5_9_reconstructed.png Graphic file (type png)
<use ../results/q5/reconstrcuted/q5_9_reconstructed.png>
Package pdftex.def Info: ../results/q5/reconstrcuted/q5_9_reconstructed.png  used on input line 254.
(pdftex.def)             Requested size: 277.51894pt x 208.13919pt.

Overfull \hbox (121.64929pt too wide) in paragraph at lines 225--255
[] [] 
 []


Overfull \hbox (121.64929pt too wide) in paragraph at lines 225--255
[] [] 
 []


Overfull \hbox (121.64929pt too wide) in paragraph at lines 225--255
[] [] 
 []


Overfull \hbox (121.64929pt too wide) in paragraph at lines 225--255
[] [] 
 []


Overfull \hbox (121.64929pt too wide) in paragraph at lines 225--255
[] [] 
 []


Overfull \hbox (121.64929pt too wide) in paragraph at lines 225--255
[] [] 
 []


Overfull \hbox (121.64929pt too wide) in paragraph at lines 225--255
[] [] 
 []


Overfull \hbox (121.64929pt too wide) in paragraph at lines 225--255
[] [] 
 []


Overfull \hbox (121.64929pt too wide) in paragraph at lines 225--255
[] [] 
 []


Overfull \hbox (121.64929pt too wide) in paragraph at lines 225--255
[] [] 
 []

[12 <../results/q5/original/q5_0_original.png> <../results/q5/reconstrcuted/q5_0_reconstructed.png> <../results/q5/original/q5_1_original.png> <../results/q5/reconstrcuted/q5_1_reconstructed.png> <../results/q5/original/q5_2_original.png> <../results/q5/reconstrcuted/q5_2_reconstructed.png>] [13 <../results/q5/original/q5_3_original.png> <../results/q5/reconstrcuted/q5_3_reconstructed.png> <../results/q5/original/q5_4_original.png> <../results/q5/reconstrcuted/q5_4_reconstructed.png> <../results/q5/original/q5_5_original.png> <../results/q5/reconstrcuted/q5_5_reconstructed.png>] [14 <../results/q5/original/q5_6_original.png> <../results/q5/reconstrcuted/q5_6_reconstructed.png> <../results/q5/original/q5_7_original.png> <../results/q5/reconstrcuted/q5_7_reconstructed.png> <../results/q5/original/q5_8_original.png> <../results/q5/reconstrcuted/q5_8_reconstructed.png>]
<../results//q6/mean_image.png, id=182, 462.528pt x 346.896pt>
File: ../results//q6/mean_image.png Graphic file (type png)
<use ../results//q6/mean_image.png>
Package pdftex.def Info: ../results//q6/mean_image.png  used on input line 267.
(pdftex.def)             Requested size: 277.51894pt x 208.13919pt.

Underfull \hbox (badness 10000) in paragraph at lines 256--271

 []


Underfull \hbox (badness 10000) in paragraph at lines 256--271

 []


Underfull \hbox (badness 10000) in paragraph at lines 256--271

 []

[15 <../results/q5/original/q5_9_original.png> <../results/q5/reconstrcuted/q5_9_reconstructed.png> <../results//q6/mean_image.png>] (report.aux) ) 
Here is how much of TeX's memory you used:
 2870 strings out of 478868
 56663 string characters out of 2850231
 344156 words of memory out of 3000000
 20714 multiletter control sequences out of 15000+600000
 408208 words of font info for 44 fonts, out of 8000000 for 9000
 1141 hyphenation exceptions out of 8191
 57i,6n,66p,266b,193s stack positions out of 5000i,500n,10000p,200000b,80000s
<C:/Users/HI/AppData/Local/Programs/MiKTeX/fonts/type1/public/amsfonts/cm/cmbx10.pfb><C:/Users/HI/AppData/Local/Programs/MiKTeX/fonts/type1/public/amsfonts/cm/cmbx12.pfb><C:/Users/HI/AppData/Local/Programs/MiKTeX/fonts/type1/public/amsfonts/cm/cmr10.pfb><C:/Users/HI/AppData/Local/Programs/MiKTeX/fonts/type1/public/amsfonts/cm/cmr12.pfb><C:/Users/HI/AppData/Local/Programs/MiKTeX/fonts/type1/public/amsfonts/cm/cmr17.pfb>
Output written on report.pdf (15 pages, 913151 bytes).
PDF statistics:
 211 PDF objects out of 1000 (max. 8388607)
 0 named destinations out of 1000 (max. 500000)
 336 words of extra memory for PDF output out of 10000 (max. 10000000)

